<?xml version="1.0" encoding="UTF-8"?>
<!-- Generated by org.testng.reporters.JUnitXMLReporter -->
<testsuite hostname="DESKTOP-M0SNAG6" ignored="0" name="Test" tests="4" failures="0" timestamp="11 May 2020 17:47:15 GMT" time="0.096" errors="0">
  <testcase name="@BeforeTest beforeTest" time="0.026" classname="tests.Testbase">
    <failure type="java.lang.Exception" message="Driver not found Firefox">
      <![CDATA[java.lang.Exception: Driver not found Firefox
at tests.Testbase.getBrowserObject(Testbase.java:85)
at tests.Testbase.setUpDriver(Testbase.java:60)
at tests.Testbase.beforeTest(Testbase.java:48)
... Removed 24 stack frames]]>
    </failure>
  </testcase> <!-- @BeforeTest beforeTest -->
  <testcase name="@BeforeMethod beforeMethod" time="0.0" classname="tests.Testbase">
    <skipped/>
  </testcase> <!-- @BeforeMethod beforeMethod -->
  <testcase name="@BeforeMethod beforeMethod" time="0.0" classname="tests.Testbase">
    <skipped/>
  </testcase> <!-- @BeforeMethod beforeMethod -->
  <testcase name="@BeforeMethod beforeMethod" time="0.0" classname="tests.Testbase">
    <skipped/>
  </testcase> <!-- @BeforeMethod beforeMethod -->
  <testcase name="@BeforeMethod beforeMethod" time="0.0" classname="tests.Testbase">
    <skipped/>
  </testcase> <!-- @BeforeMethod beforeMethod -->
  <testcase name="@AfterTest afterTest" time="0.0" classname="tests.Testbase">
    <skipped/>
  </testcase> <!-- @AfterTest afterTest -->
  <testcase name="TC_01_Login_With_Correct_Credentials" time="0.0" classname="tests.TestCases">
    <skipped/>
  </testcase> <!-- TC_01_Login_With_Correct_Credentials -->
  <testcase name="TC_02_Change_Language" time="0.0" classname="tests.TestCases">
    <skipped/>
  </testcase> <!-- TC_02_Change_Language -->
  <testcase name="TC_03_Access_All_Tabs" time="0.0" classname="tests.TestCases">
    <skipped/>
  </testcase> <!-- TC_03_Access_All_Tabs -->
  <testcase name="TC_04_Display_Client_Info" time="0.0" classname="tests.TestCases">
    <skipped/>
  </testcase> <!-- TC_04_Display_Client_Info -->
</testsuite> <!-- Test -->
